[2022-04-16 04:57:17] ERROR: Uncaught Exception PDOException: "SQLSTATE[HY000] [2002] No such file or directory" at /opt/lampp/htdocs/crm/application/Espo/ORM/PDO/DefaultPDOProvider.php line 95 {"exception":"[object] (PDOException(code: 2002): SQLSTATE[HY000] [2002] No such file or directory at /opt/lampp/htdocs/crm/application/Espo/ORM/PDO/DefaultPDOProvider.php:95)"} []
[2022-04-16 04:57:38] ERROR: Uncaught Exception PDOException: "SQLSTATE[HY000] [2002] No such file or directory" at /opt/lampp/htdocs/crm/application/Espo/ORM/PDO/DefaultPDOProvider.php line 95 {"exception":"[object] (PDOException(code: 2002): SQLSTATE[HY000] [2002] No such file or directory at /opt/lampp/htdocs/crm/application/Espo/ORM/PDO/DefaultPDOProvider.php:95)"} []
[2022-04-16 04:58:16] ERROR: (-1) Class Espo\Modules\Ticket\Entities\MyCustomEntity does not exist; POST /Admin/rebuild; line: 184, file: /opt/lampp/htdocs/crm/application/Espo/Core/Utils/File/ClassMap.php [] []
[2022-04-16 04:58:17] ERROR: (-1) Class Espo\Modules\Ticket\Entities\MyCustomEntity does not exist; GET /Activities/action/popupNotifications; line: 184, file: /opt/lampp/htdocs/crm/application/Espo/Core/Utils/File/ClassMap.php [] []
[2022-04-16 04:58:21] ERROR: (-1) Class Espo\Modules\Ticket\Entities\MyCustomEntity does not exist; POST /Admin/clearCache; line: 184, file: /opt/lampp/htdocs/crm/application/Espo/Core/Utils/File/ClassMap.php [] []
[2022-04-16 04:58:22] ERROR: (-1) Class Espo\Modules\Ticket\Entities\MyCustomEntity does not exist; GET /Notification/action/notReadCount; line: 184, file: /opt/lampp/htdocs/crm/application/Espo/Core/Utils/File/ClassMap.php [] []
[2022-04-16 04:58:26] ERROR: (-1) Class Espo\Modules\Ticket\Entities\MyCustomEntity does not exist; GET /Settings; line: 184, file: /opt/lampp/htdocs/crm/application/Espo/Core/Utils/File/ClassMap.php [] []
[2022-04-16 04:58:26] ERROR: (-1) Class Espo\Modules\Ticket\Entities\MyCustomEntity does not exist; GET /I18n; line: 184, file: /opt/lampp/htdocs/crm/application/Espo/Core/Utils/File/ClassMap.php [] []
[2022-04-16 04:58:33] ERROR: (-1) Class Espo\Modules\Ticket\Entities\MyCustomEntity does not exist; GET /Settings; line: 184, file: /opt/lampp/htdocs/crm/application/Espo/Core/Utils/File/ClassMap.php [] []
[2022-04-16 04:58:33] ERROR: (-1) Class Espo\Modules\Ticket\Entities\MyCustomEntity does not exist; GET /I18n; line: 184, file: /opt/lampp/htdocs/crm/application/Espo/Core/Utils/File/ClassMap.php [] []
[2022-04-16 04:58:45] ERROR: (-1) Class Espo\Modules\Ticket\Entities\MyCustomEntity does not exist; GET /I18n; line: 184, file: /opt/lampp/htdocs/crm/application/Espo/Core/Utils/File/ClassMap.php [] []
[2022-04-16 04:58:45] ERROR: (-1) Class Espo\Modules\Ticket\Entities\MyCustomEntity does not exist; GET /Settings; line: 184, file: /opt/lampp/htdocs/crm/application/Espo/Core/Utils/File/ClassMap.php [] []
[2022-04-16 04:58:52] ERROR: (-1) Class Espo\Modules\Ticket\Entities\MyCustomEntity does not exist; GET /Settings; line: 184, file: /opt/lampp/htdocs/crm/application/Espo/Core/Utils/File/ClassMap.php [] []
[2022-04-16 04:58:52] ERROR: (-1) Class Espo\Modules\Ticket\Entities\MyCustomEntity does not exist; GET /I18n; line: 184, file: /opt/lampp/htdocs/crm/application/Espo/Core/Utils/File/ClassMap.php [] []
[2022-04-16 04:59:00] ERROR: (-1) Class Espo\Modules\Ticket\Entities\MyCustomEntity does not exist; GET /Settings; line: 184, file: /opt/lampp/htdocs/crm/application/Espo/Core/Utils/File/ClassMap.php [] []
[2022-04-16 04:59:00] ERROR: (-1) Class Espo\Modules\Ticket\Entities\MyCustomEntity does not exist; GET /I18n; line: 184, file: /opt/lampp/htdocs/crm/application/Espo/Core/Utils/File/ClassMap.php [] []
[2022-04-16 04:59:07] ERROR: (-1) Class Espo\Modules\Ticket\Entities\MyCustomEntity does not exist; GET /Settings; line: 184, file: /opt/lampp/htdocs/crm/application/Espo/Core/Utils/File/ClassMap.php [] []
[2022-04-16 04:59:07] ERROR: (-1) Class Espo\Modules\Ticket\Entities\MyCustomEntity does not exist; GET /I18n; line: 184, file: /opt/lampp/htdocs/crm/application/Espo/Core/Utils/File/ClassMap.php [] []
[2022-04-16 05:04:41] ERROR: (409) Entity 'Account' already exists.; POST /EntityManager/action/createEntity; line: 231, file: /opt/lampp/htdocs/crm/application/Espo/Tools/EntityManager/EntityManager.php [] []
[2022-04-16 05:04:44] ERROR: (409) Entity 'Account' already exists.; POST /EntityManager/action/createEntity; line: 231, file: /opt/lampp/htdocs/crm/application/Espo/Tools/EntityManager/EntityManager.php [] []
[2022-04-16 05:04:46] ERROR: (409) Entity 'Account' already exists.; POST /EntityManager/action/createEntity; line: 231, file: /opt/lampp/htdocs/crm/application/Espo/Tools/EntityManager/EntityManager.php [] []
[2022-04-16 05:05:13] ERROR: (409) Entity 'Account' already exists.; POST /EntityManager/action/createEntity; line: 231, file: /opt/lampp/htdocs/crm/application/Espo/Tools/EntityManager/EntityManager.php [] []
[2022-04-16 05:05:52] ERROR: (409) Entity 'Account' already exists.; POST /EntityManager/action/createEntity; line: 231, file: /opt/lampp/htdocs/crm/application/Espo/Tools/EntityManager/EntityManager.php [] []
[2022-04-16 05:50:30] ERROR: (400) Not valid data. Field: from, validation type: required.; POST /Email; line: 164, file: /opt/lampp/htdocs/crm/application/Espo/Core/FieldValidation/FieldValidationManager.php [] []
[2022-04-16 05:50:51] ERROR: (400) Not valid data. Field: from, validation type: required.; POST /Email; line: 164, file: /opt/lampp/htdocs/crm/application/Espo/Core/FieldValidation/FieldValidationManager.php [] []
[2022-04-16 05:53:56] ERROR: (400) Not valid data. Field: from, validation type: required.; POST /Email; line: 164, file: /opt/lampp/htdocs/crm/application/Espo/Core/FieldValidation/FieldValidationManager.php [] []
[2022-04-16 05:54:08] ERROR: (400) Not valid data. Field: from, validation type: required.; POST /Email; line: 164, file: /opt/lampp/htdocs/crm/application/Espo/Core/FieldValidation/FieldValidationManager.php [] []
[2022-04-16 05:54:10] ERROR: (400) Not valid data. Field: from, validation type: required.; POST /Email; line: 164, file: /opt/lampp/htdocs/crm/application/Espo/Core/FieldValidation/FieldValidationManager.php [] []
[2022-04-16 08:41:02] ERROR: (403) Can't delete own user.; POST /MassAction; line: 110, file: /opt/lampp/htdocs/crm/application/Espo/Classes/MassAction/User/MassDelete.php [] []
